<?xml version="1.0" encoding="UTF-8"?>
<!-- Generated by org.testng.reporters.JUnitReportReporter -->
<testsuite skipped="0" hostname="DESKTOP-INQUNRP" name="loginTests.TitleAndURLTest" tests="3" failures="0" timestamp="2021-07-05T17:36:32 EDT" time="26.777" errors="0">
  <testcase name="getTitle" time="9.098" classname="loginTests.TitleAndURLTest"/>
  <testcase name="getURL" time="8.885" classname="loginTests.TitleAndURLTest"/>
  <testcase name="getText" time="8.794" classname="loginTests.TitleAndURLTest"/>
</testsuite> <!-- loginTests.TitleAndURLTest -->
