<?xml version="1.0" encoding="UTF-8"?>
<!-- Generated by org.testng.reporters.JUnitReportReporter -->
<testsuite skipped="0" hostname="DESKTOP-INQUNRP" name="testingPackage.DummyTest" tests="3" failures="0" timestamp="2021-07-03T16:58:05 EDT" time="123.177" errors="0">
  <testcase name="getText" time="40.101" classname="testingPackage.DummyTest"/>
  <testcase name="getURL" time="41.436" classname="testingPackage.DummyTest"/>
  <testcase name="getTitle" time="41.640" classname="testingPackage.DummyTest"/>
</testsuite> <!-- testingPackage.DummyTest -->
