<?xml version="1.0" encoding="UTF-8"?>
<!-- Generated by org.testng.reporters.JUnitReportReporter -->
<testsuite skipped="0" hostname="DESKTOP-INQUNRP" name="testingPackage.TitleAndURLTest" tests="3" failures="0" timestamp="2021-07-03T20:46:50 EDT" time="137.244" errors="0">
  <testcase name="getText" time="60.642" classname="testingPackage.TitleAndURLTest"/>
  <testcase name="getTitle" time="38.165" classname="testingPackage.TitleAndURLTest"/>
  <testcase name="getURL" time="38.437" classname="testingPackage.TitleAndURLTest"/>
</testsuite> <!-- testingPackage.TitleAndURLTest -->
